0 verbose cli D:\nodejs\node.exe D:\nodejs\node_modules\npm\bin\npm-cli.js
1 info using npm@11.13.0
2 info using node@v24.16.0
3 silly config load:file:D:\nodejs\node_modules\npm\npmrc
4 silly config load:file:D:\AI-yuwenzhen\preconsult-web\.npmrc
5 silly config load:file:C:\Users\pc\.npmrc
6 silly config load:file:D:\nodejs\node_global\etc\npmrc
7 verbose title npm install
8 verbose argv "install" "--cache" "d:/AI-yuwenzhen/.npm-cache"
9 verbose logfile logs-max:10 dir:d:\AI-yuwenzhen\.npm-cache\_logs\2026-06-03T02_47_02_649Z-
10 verbose logfile d:\AI-yuwenzhen\.npm-cache\_logs\2026-06-03T02_47_02_649Z-debug-0.log
11 silly logfile done cleaning log files
12 silly packumentCache heap:4496293888 maxSize:1124073472 maxEntrySize:562036736
13 silly idealTree buildDeps
14 silly fetch manifest vue@^3.4.0
15 silly packumentCache full:https://registry.npmjs.org/vue cache-miss
16 http fetch GET 200 https://registry.npmjs.org/vue 1014ms (cache miss)
17 silly packumentCache full:https://registry.npmjs.org/vue set size:undefined disposed:false
18 silly fetch manifest typescript@*
19 silly packumentCache full:https://registry.npmjs.org/typescript cache-miss
20 http fetch GET 200 https://registry.npmjs.org/npm 1116ms
21 http fetch GET 200 https://registry.npmjs.org/typescript 1295ms (cache miss)
22 silly packumentCache full:https://registry.npmjs.org/typescript set size:undefined disposed:false
23 silly fetch manifest @vitejs/plugin-vue@^5.0.0
24 silly packumentCache full:https://registry.npmjs.org/@vitejs%2fplugin-vue cache-miss
25 http fetch GET 200 https://registry.npmjs.org/@vitejs%2fplugin-vue 223ms (cache miss)
26 silly packumentCache full:https://registry.npmjs.org/@vitejs%2fplugin-vue set size:undefined disposed:false
27 silly fetch manifest vite@^5.0.0
28 silly packumentCache full:https://registry.npmjs.org/vite cache-miss
29 http fetch GET 200 https://registry.npmjs.org/vite 1719ms (cache miss)
30 silly packumentCache full:https://registry.npmjs.org/vite set size:undefined disposed:false
31 silly fetch manifest @types/node@^18.0.0 || >=20.0.0
32 silly packumentCache full:https://registry.npmjs.org/@types%2fnode cache-miss
33 http fetch GET 200 https://registry.npmjs.org/@types%2fnode 1187ms (cache miss)
34 silly packumentCache full:https://registry.npmjs.org/@types%2fnode set size:undefined disposed:false
35 silly fetch manifest less@*
36 silly packumentCache full:https://registry.npmjs.org/less cache-miss
37 http fetch GET 200 https://registry.npmjs.org/less 180ms (cache miss)
38 silly packumentCache full:https://registry.npmjs.org/less set size:undefined disposed:false
39 silly fetch manifest lightningcss@^1.21.0
40 silly packumentCache full:https://registry.npmjs.org/lightningcss cache-miss
41 http fetch GET 200 https://registry.npmjs.org/lightningcss 182ms (cache miss)
42 silly packumentCache full:https://registry.npmjs.org/lightningcss set size:undefined disposed:false
43 silly fetch manifest sass@*
44 silly packumentCache full:https://registry.npmjs.org/sass cache-miss
45 http fetch GET 200 https://registry.npmjs.org/sass 394ms (cache miss)
46 silly packumentCache full:https://registry.npmjs.org/sass set size:undefined disposed:false
47 silly fetch manifest sass-embedded@*
48 silly packumentCache full:https://registry.npmjs.org/sass-embedded cache-miss
49 http fetch GET 200 https://registry.npmjs.org/sass-embedded 189ms (cache miss)
50 silly packumentCache full:https://registry.npmjs.org/sass-embedded set size:undefined disposed:false
51 silly fetch manifest stylus@*
52 silly packumentCache full:https://registry.npmjs.org/stylus cache-miss
53 http fetch GET 200 https://registry.npmjs.org/stylus 376ms (cache miss)
54 silly packumentCache full:https://registry.npmjs.org/stylus set size:undefined disposed:false
55 silly fetch manifest sugarss@*
56 silly packumentCache full:https://registry.npmjs.org/sugarss cache-miss
57 http fetch GET 200 https://registry.npmjs.org/sugarss 178ms (cache miss)
58 silly packumentCache full:https://registry.npmjs.org/sugarss set size:undefined disposed:false
59 silly fetch manifest postcss@^8.3.3
60 silly packumentCache full:https://registry.npmjs.org/postcss cache-miss
61 http fetch GET 200 https://registry.npmjs.org/postcss 656ms (cache miss)
62 silly packumentCache full:https://registry.npmjs.org/postcss set size:undefined disposed:false
63 silly fetch manifest terser@^5.4.0
64 silly packumentCache full:https://registry.npmjs.org/terser cache-miss
65 http fetch GET 200 https://registry.npmjs.org/terser 193ms (cache miss)
66 silly packumentCache full:https://registry.npmjs.org/terser set size:undefined disposed:false
67 silly placeDep ROOT @vitejs/plugin-vue@5.2.4 OK for: preconsult-web@1.0.0 want: ^5.0.0
68 silly placeDep ROOT vue@3.5.35 OK for: @vitejs/plugin-vue@5.2.4 want: ^3.2.25
69 silly placeDep ROOT vite@5.4.21 OK for: @vitejs/plugin-vue@5.2.4 want: ^5.0.0 || ^6.0.0
70 silly fetch manifest rollup@^4.20.0
71 silly packumentCache full:https://registry.npmjs.org/rollup cache-miss
72 silly fetch manifest esbuild@^0.21.3
73 silly packumentCache full:https://registry.npmjs.org/esbuild cache-miss
74 silly fetch manifest postcss@^8.4.43
75 silly packumentCache full:https://registry.npmjs.org/postcss cache-miss
76 silly fetch manifest fsevents@~2.3.3
77 silly packumentCache full:https://registry.npmjs.org/fsevents cache-miss
78 silly fetch manifest @vue/shared@3.5.35
79 silly packumentCache full:https://registry.npmjs.org/@vue%2fshared cache-miss
80 silly fetch manifest @vue/runtime-dom@3.5.35
81 silly packumentCache full:https://registry.npmjs.org/@vue%2fruntime-dom cache-miss
82 silly fetch manifest @vue/compiler-dom@3.5.35
83 silly packumentCache full:https://registry.npmjs.org/@vue%2fcompiler-dom cache-miss
84 silly fetch manifest @vue/compiler-sfc@3.5.35
85 silly packumentCache full:https://registry.npmjs.org/@vue%2fcompiler-sfc cache-miss
86 silly fetch manifest @vue/server-renderer@3.5.35
87 silly packumentCache full:https://registry.npmjs.org/@vue%2fserver-renderer cache-miss
88 http cache https://registry.npmjs.org/postcss 12ms (cache hit)
89 silly packumentCache full:https://registry.npmjs.org/postcss set size:723316 disposed:false
90 http fetch GET 200 https://registry.npmjs.org/esbuild 436ms (cache miss)
91 silly packumentCache full:https://registry.npmjs.org/esbuild set size:undefined disposed:false
92 http fetch GET 200 https://registry.npmjs.org/fsevents 655ms (cache miss)
93 silly packumentCache full:https://registry.npmjs.org/fsevents set size:undefined disposed:false
94 http fetch GET 200 https://registry.npmjs.org/@vue%2fserver-renderer 941ms (cache miss)
95 silly packumentCache full:https://registry.npmjs.org/@vue%2fserver-renderer set size:undefined disposed:false
96 http fetch GET 200 https://registry.npmjs.org/@vue%2fruntime-dom 1074ms (cache miss)
97 silly packumentCache full:https://registry.npmjs.org/@vue%2fruntime-dom set size:undefined disposed:false
98 http fetch GET 200 https://registry.npmjs.org/@vue%2fshared 1238ms (cache miss)
99 silly packumentCache full:https://registry.npmjs.org/@vue%2fshared set size:undefined disposed:false
100 http fetch GET 200 https://registry.npmjs.org/@vue%2fcompiler-dom 1272ms (cache miss)
101 silly packumentCache full:https://registry.npmjs.org/@vue%2fcompiler-dom set size:undefined disposed:false
102 http fetch GET 200 https://registry.npmjs.org/rollup 1740ms (cache miss)
103 silly packumentCache full:https://registry.npmjs.org/rollup set size:undefined disposed:false
104 http fetch GET 200 https://registry.npmjs.org/@vue%2fcompiler-sfc 1797ms (cache miss)
105 silly packumentCache full:https://registry.npmjs.org/@vue%2fcompiler-sfc set size:undefined disposed:false
106 silly placeDep ROOT esbuild@0.21.5 OK for: vite@5.4.21 want: ^0.21.3
107 silly placeDep ROOT fsevents@2.3.3 OK for: vite@5.4.21 want: ~2.3.3
108 silly placeDep ROOT postcss@8.5.15 OK for: vite@5.4.21 want: ^8.4.43
109 silly placeDep ROOT rollup@4.61.0 OK for: vite@5.4.21 want: ^4.20.0
110 silly fetch manifest @esbuild/aix-ppc64@0.21.5
111 silly packumentCache full:https://registry.npmjs.org/@esbuild%2faix-ppc64 cache-miss
112 silly fetch manifest @esbuild/linux-arm@0.21.5
113 silly packumentCache full:https://registry.npmjs.org/@esbuild%2flinux-arm cache-miss
114 silly fetch manifest @esbuild/linux-x64@0.21.5
115 silly packumentCache full:https://registry.npmjs.org/@esbuild%2flinux-x64 cache-miss
116 silly fetch manifest @esbuild/sunos-x64@0.21.5
117 silly packumentCache full:https://registry.npmjs.org/@esbuild%2fsunos-x64 cache-miss
118 silly fetch manifest @esbuild/win32-x64@0.21.5
119 silly packumentCache full:https://registry.npmjs.org/@esbuild%2fwin32-x64 cache-miss
120 silly fetch manifest @esbuild/darwin-x64@0.21.5
121 silly packumentCache full:https://registry.npmjs.org/@esbuild%2fdarwin-x64 cache-miss
122 silly fetch manifest @esbuild/linux-ia32@0.21.5
123 silly packumentCache full:https://registry.npmjs.org/@esbuild%2flinux-ia32 cache-miss
124 silly fetch manifest @esbuild/netbsd-x64@0.21.5
125 silly packumentCache full:https://registry.npmjs.org/@esbuild%2fnetbsd-x64 cache-miss
126 silly fetch manifest @esbuild/win32-ia32@0.21.5
127 silly packumentCache full:https://registry.npmjs.org/@esbuild%2fwin32-ia32 cache-miss
128 silly fetch manifest @esbuild/android-arm@0.21.5
129 silly packumentCache full:https://registry.npmjs.org/@esbuild%2fandroid-arm cache-miss
130 silly fetch manifest @esbuild/android-x64@0.21.5
131 silly packumentCache full:https://registry.npmjs.org/@esbuild%2fandroid-x64 cache-miss
132 silly fetch manifest @esbuild/freebsd-x64@0.21.5
133 silly packumentCache full:https://registry.npmjs.org/@esbuild%2ffreebsd-x64 cache-miss
134 silly fetch manifest @esbuild/linux-arm64@0.21.5
135 silly packumentCache full:https://registry.npmjs.org/@esbuild%2flinux-arm64 cache-miss
136 silly fetch manifest @esbuild/linux-ppc64@0.21.5
137 silly packumentCache full:https://registry.npmjs.org/@esbuild%2flinux-ppc64 cache-miss
138 silly fetch manifest @esbuild/linux-s390x@0.21.5
139 silly packumentCache full:https://registry.npmjs.org/@esbuild%2flinux-s390x cache-miss
140 silly fetch manifest @esbuild/openbsd-x64@0.21.5
141 silly packumentCache full:https://registry.npmjs.org/@esbuild%2fopenbsd-x64 cache-miss
142 silly fetch manifest @esbuild/win32-arm64@0.21.5
143 silly packumentCache full:https://registry.npmjs.org/@esbuild%2fwin32-arm64 cache-miss
144 silly fetch manifest @esbuild/darwin-arm64@0.21.5
145 silly packumentCache full:https://registry.npmjs.org/@esbuild%2fdarwin-arm64 cache-miss
146 silly fetch manifest @esbuild/android-arm64@0.21.5
147 silly packumentCache full:https://registry.npmjs.org/@esbuild%2fandroid-arm64 cache-miss
148 silly fetch manifest @esbuild/freebsd-arm64@0.21.5
149 silly packumentCache full:https://registry.npmjs.org/@esbuild%2ffreebsd-arm64 cache-miss
150 silly fetch manifest @esbuild/linux-loong64@0.21.5
151 silly packumentCache full:https://registry.npmjs.org/@esbuild%2flinux-loong64 cache-miss
152 silly fetch manifest @esbuild/linux-riscv64@0.21.5
153 silly packumentCache full:https://registry.npmjs.org/@esbuild%2flinux-riscv64 cache-miss
154 silly fetch manifest @esbuild/linux-mips64el@0.21.5
155 silly packumentCache full:https://registry.npmjs.org/@esbuild%2flinux-mips64el cache-miss
156 http fetch GET 200 https://registry.npmjs.org/@esbuild%2faix-ppc64 183ms (cache miss)
157 silly packumentCache full:https://registry.npmjs.org/@esbuild%2faix-ppc64 set size:undefined disposed:false
158 silly fetch manifest nanoid@^3.3.12
159 silly packumentCache full:https://registry.npmjs.org/nanoid cache-miss
160 http fetch GET 200 https://registry.npmjs.org/@esbuild%2flinux-arm 228ms (cache miss)
161 silly packumentCache full:https://registry.npmjs.org/@esbuild%2flinux-arm set size:undefined disposed:false
162 silly fetch manifest picocolors@^1.1.1
163 silly packumentCache full:https://registry.npmjs.org/picocolors cache-miss
164 http fetch GET 200 https://registry.npmjs.org/@esbuild%2flinux-x64 242ms (cache miss)
165 silly packumentCache full:https://registry.npmjs.org/@esbuild%2flinux-x64 set size:undefined disposed:false
166 silly fetch manifest source-map-js@^1.2.1
167 silly packumentCache full:https://registry.npmjs.org/source-map-js cache-miss
168 http fetch GET 200 https://registry.npmjs.org/@esbuild%2flinux-ia32 289ms (cache miss)
169 silly packumentCache full:https://registry.npmjs.org/@esbuild%2flinux-ia32 set size:undefined disposed:false
170 silly fetch manifest @types/estree@1.0.9
171 silly packumentCache full:https://registry.npmjs.org/@types%2festree cache-miss
172 http fetch GET 200 https://registry.npmjs.org/@esbuild%2fwin32-x64 373ms (cache miss)
173 silly packumentCache full:https://registry.npmjs.org/@esbuild%2fwin32-x64 set size:undefined disposed:false
174 silly fetch manifest @rollup/rollup-darwin-arm64@4.61.0
175 silly packumentCache full:https://registry.npmjs.org/@rollup%2frollup-darwin-arm64 cache-miss
176 http fetch GET 200 https://registry.npmjs.org/@esbuild%2fdarwin-arm64 472ms (cache miss)
177 silly packumentCache full:https://registry.npmjs.org/@esbuild%2fdarwin-arm64 set size:undefined disposed:false
178 silly fetch manifest @rollup/rollup-android-arm64@4.61.0
179 silly packumentCache full:https://registry.npmjs.org/@rollup%2frollup-android-arm64 cache-miss
180 http fetch GET 200 https://registry.npmjs.org/@esbuild%2fdarwin-x64 581ms (cache miss)
181 silly packumentCache full:https://registry.npmjs.org/@esbuild%2fdarwin-x64 set size:undefined disposed:false
182 silly fetch manifest @rollup/rollup-win32-arm64-msvc@4.61.0
183 silly packumentCache full:https://registry.npmjs.org/@rollup%2frollup-win32-arm64-msvc cache-miss
184 http fetch GET 200 https://registry.npmjs.org/@esbuild%2fsunos-x64 623ms (cache miss)
185 silly packumentCache full:https://registry.npmjs.org/@esbuild%2fsunos-x64 set size:undefined disposed:false
186 silly fetch manifest @rollup/rollup-freebsd-arm64@4.61.0
187 silly packumentCache full:https://registry.npmjs.org/@rollup%2frollup-freebsd-arm64 cache-miss
188 http fetch GET 200 https://registry.npmjs.org/@esbuild%2fwin32-arm64 625ms (cache miss)
189 silly packumentCache full:https://registry.npmjs.org/@esbuild%2fwin32-arm64 set size:undefined disposed:false
190 silly fetch manifest @rollup/rollup-linux-arm64-gnu@4.61.0
191 silly packumentCache full:https://registry.npmjs.org/@rollup%2frollup-linux-arm64-gnu cache-miss
192 http fetch GET 200 https://registry.npmjs.org/@esbuild%2fwin32-ia32 663ms (cache miss)
193 silly packumentCache full:https://registry.npmjs.org/@esbuild%2fwin32-ia32 set size:undefined disposed:false
194 silly fetch manifest @rollup/rollup-linux-arm64-musl@4.61.0
195 silly packumentCache full:https://registry.npmjs.org/@rollup%2frollup-linux-arm64-musl cache-miss
196 http fetch GET 200 https://registry.npmjs.org/@esbuild%2fopenbsd-x64 692ms (cache miss)
197 silly packumentCache full:https://registry.npmjs.org/@esbuild%2fopenbsd-x64 set size:undefined disposed:false
198 silly fetch manifest @rollup/rollup-android-arm-eabi@4.61.0
199 silly packumentCache full:https://registry.npmjs.org/@rollup%2frollup-android-arm-eabi cache-miss
200 http fetch GET 200 https://registry.npmjs.org/@esbuild%2ffreebsd-x64 704ms (cache miss)
201 silly packumentCache full:https://registry.npmjs.org/@esbuild%2ffreebsd-x64 set size:undefined disposed:false
202 silly fetch manifest @rollup/rollup-linux-arm-gnueabihf@4.61.0
203 silly packumentCache full:https://registry.npmjs.org/@rollup%2frollup-linux-arm-gnueabihf cache-miss
204 http fetch GET 200 https://registry.npmjs.org/@esbuild%2fandroid-arm64 734ms (cache miss)
205 silly packumentCache full:https://registry.npmjs.org/@esbuild%2fandroid-arm64 set size:undefined disposed:false
206 silly fetch manifest @rollup/rollup-linux-arm-musleabihf@4.61.0
207 silly packumentCache full:https://registry.npmjs.org/@rollup%2frollup-linux-arm-musleabihf cache-miss
208 http fetch GET 200 https://registry.npmjs.org/@esbuild%2ffreebsd-arm64 789ms (cache miss)
209 silly packumentCache full:https://registry.npmjs.org/@esbuild%2ffreebsd-arm64 set size:undefined disposed:false
210 silly fetch manifest @rollup/rollup-win32-ia32-msvc@4.61.0
211 silly packumentCache full:https://registry.npmjs.org/@rollup%2frollup-win32-ia32-msvc cache-miss
212 http fetch GET 200 https://registry.npmjs.org/picocolors 595ms (cache miss)
213 silly packumentCache full:https://registry.npmjs.org/picocolors set size:undefined disposed:false
214 silly fetch manifest @rollup/rollup-linux-loong64-gnu@4.61.0
215 silly packumentCache full:https://registry.npmjs.org/@rollup%2frollup-linux-loong64-gnu cache-miss
216 http fetch GET 200 https://registry.npmjs.org/nanoid 666ms (cache miss)
217 silly packumentCache full:https://registry.npmjs.org/nanoid set size:undefined disposed:false
218 silly fetch manifest @rollup/rollup-linux-loong64-musl@4.61.0
219 silly packumentCache full:https://registry.npmjs.org/@rollup%2frollup-linux-loong64-musl cache-miss
220 http fetch GET 200 https://registry.npmjs.org/@esbuild%2fandroid-x64 856ms (cache miss)
221 silly packumentCache full:https://registry.npmjs.org/@esbuild%2fandroid-x64 set size:undefined disposed:false
222 silly fetch manifest @rollup/rollup-linux-riscv64-gnu@4.61.0
223 silly packumentCache full:https://registry.npmjs.org/@rollup%2frollup-linux-riscv64-gnu cache-miss
224 http fetch GET 200 https://registry.npmjs.org/@esbuild%2flinux-mips64el 865ms (cache miss)
225 silly packumentCache full:https://registry.npmjs.org/@esbuild%2flinux-mips64el set size:undefined disposed:false
226 silly fetch manifest @rollup/rollup-linux-riscv64-musl@4.61.0
227 silly packumentCache full:https://registry.npmjs.org/@rollup%2frollup-linux-riscv64-musl cache-miss
228 http fetch GET 200 https://registry.npmjs.org/@esbuild%2flinux-riscv64 897ms (cache miss)
229 silly packumentCache full:https://registry.npmjs.org/@esbuild%2flinux-riscv64 set size:undefined disposed:false
230 silly fetch manifest @rollup/rollup-linux-ppc64-gnu@4.61.0
231 silly packumentCache full:https://registry.npmjs.org/@rollup%2frollup-linux-ppc64-gnu cache-miss
232 http fetch GET 200 https://registry.npmjs.org/@esbuild%2flinux-loong64 925ms (cache miss)
233 silly packumentCache full:https://registry.npmjs.org/@esbuild%2flinux-loong64 set size:undefined disposed:false
234 silly fetch manifest @rollup/rollup-linux-ppc64-musl@4.61.0
235 silly packumentCache full:https://registry.npmjs.org/@rollup%2frollup-linux-ppc64-musl cache-miss
236 http fetch GET 200 https://registry.npmjs.org/source-map-js 700ms (cache miss)
237 silly packumentCache full:https://registry.npmjs.org/source-map-js set size:undefined disposed:false
238 silly fetch manifest @rollup/rollup-linux-s390x-gnu@4.61.0
239 silly packumentCache full:https://registry.npmjs.org/@rollup%2frollup-linux-s390x-gnu cache-miss
240 http fetch GET 200 https://registry.npmjs.org/@esbuild%2flinux-arm64 954ms (cache miss)
241 silly packumentCache full:https://registry.npmjs.org/@esbuild%2flinux-arm64 set size:undefined disposed:false
242 silly fetch manifest @rollup/rollup-darwin-x64@4.61.0
243 silly packumentCache full:https://registry.npmjs.org/@rollup%2frollup-darwin-x64 cache-miss
244 http fetch GET 200 https://registry.npmjs.org/@esbuild%2fnetbsd-x64 966ms (cache miss)
245 silly packumentCache full:https://registry.npmjs.org/@esbuild%2fnetbsd-x64 set size:undefined disposed:false
246 silly fetch manifest @rollup/rollup-win32-x64-gnu@4.61.0
247 silly packumentCache full:https://registry.npmjs.org/@rollup%2frollup-win32-x64-gnu cache-miss
248 http fetch GET 200 https://registry.npmjs.org/@rollup%2frollup-darwin-arm64 657ms (cache miss)
249 silly packumentCache full:https://registry.npmjs.org/@rollup%2frollup-darwin-arm64 set size:undefined disposed:false
250 silly fetch manifest @rollup/rollup-win32-x64-msvc@4.61.0
251 silly packumentCache full:https://registry.npmjs.org/@rollup%2frollup-win32-x64-msvc cache-miss
252 http fetch GET 200 https://registry.npmjs.org/@rollup%2frollup-win32-arm64-msvc 462ms (cache miss)
253 silly packumentCache full:https://registry.npmjs.org/@rollup%2frollup-win32-arm64-msvc set size:undefined disposed:false
254 silly fetch manifest @rollup/rollup-freebsd-x64@4.61.0
255 silly packumentCache full:https://registry.npmjs.org/@rollup%2frollup-freebsd-x64 cache-miss
256 http fetch GET 200 https://registry.npmjs.org/@rollup%2frollup-freebsd-arm64 424ms (cache miss)
257 silly packumentCache full:https://registry.npmjs.org/@rollup%2frollup-freebsd-arm64 set size:undefined disposed:false
258 silly fetch manifest @rollup/rollup-linux-x64-gnu@4.61.0
259 silly packumentCache full:https://registry.npmjs.org/@rollup%2frollup-linux-x64-gnu cache-miss
260 http fetch GET 200 https://registry.npmjs.org/@types%2festree 773ms (cache miss)
261 silly packumentCache full:https://registry.npmjs.org/@types%2festree set size:undefined disposed:false
262 silly fetch manifest @rollup/rollup-linux-x64-musl@4.61.0
263 silly packumentCache full:https://registry.npmjs.org/@rollup%2frollup-linux-x64-musl cache-miss
264 http fetch GET 200 https://registry.npmjs.org/@rollup%2frollup-linux-arm-gnueabihf 455ms (cache miss)
265 silly packumentCache full:https://registry.npmjs.org/@rollup%2frollup-linux-arm-gnueabihf set size:undefined disposed:false
266 silly fetch manifest @rollup/rollup-openbsd-x64@4.61.0
267 silly packumentCache full:https://registry.npmjs.org/@rollup%2frollup-openbsd-x64 cache-miss
268 http fetch GET 200 https://registry.npmjs.org/@rollup%2frollup-win32-ia32-msvc 421ms (cache miss)
269 silly packumentCache full:https://registry.npmjs.org/@rollup%2frollup-win32-ia32-msvc set size:undefined disposed:false
270 silly fetch manifest @rollup/rollup-openharmony-arm64@4.61.0
271 silly packumentCache full:https://registry.npmjs.org/@rollup%2frollup-openharmony-arm64 cache-miss
272 http fetch GET 200 https://registry.npmjs.org/@rollup%2frollup-android-arm-eabi 533ms (cache miss)
273 silly packumentCache full:https://registry.npmjs.org/@rollup%2frollup-android-arm-eabi set size:undefined disposed:false
274 http fetch GET 200 https://registry.npmjs.org/@rollup%2frollup-linux-arm64-gnu 618ms (cache miss)
275 silly packumentCache full:https://registry.npmjs.org/@rollup%2frollup-linux-arm64-gnu set size:undefined disposed:false
276 http fetch GET 200 https://registry.npmjs.org/@rollup%2frollup-linux-loong64-gnu 424ms (cache miss)
277 silly packumentCache full:https://registry.npmjs.org/@rollup%2frollup-linux-loong64-gnu set size:undefined disposed:false
278 http fetch GET 200 https://registry.npmjs.org/@rollup%2frollup-linux-riscv64-gnu 396ms (cache miss)
279 silly packumentCache full:https://registry.npmjs.org/@rollup%2frollup-linux-riscv64-gnu set size:undefined disposed:false
280 http fetch GET 200 https://registry.npmjs.org/@rollup%2frollup-linux-arm64-musl 653ms (cache miss)
281 silly packumentCache full:https://registry.npmjs.org/@rollup%2frollup-linux-arm64-musl set size:undefined disposed:false
282 http fetch GET 200 https://registry.npmjs.org/@rollup%2frollup-linux-arm-musleabihf 627ms (cache miss)
283 silly packumentCache full:https://registry.npmjs.org/@rollup%2frollup-linux-arm-musleabihf set size:undefined disposed:false
284 http fetch GET 200 https://registry.npmjs.org/@rollup%2frollup-linux-loong64-musl 554ms (cache miss)
285 silly packumentCache full:https://registry.npmjs.org/@rollup%2frollup-linux-loong64-musl set size:undefined disposed:false
286 http fetch GET 200 https://registry.npmjs.org/@rollup%2frollup-android-arm64 942ms (cache miss)
287 silly packumentCache full:https://registry.npmjs.org/@rollup%2frollup-android-arm64 set size:undefined disposed:false
288 http fetch GET 200 https://registry.npmjs.org/@rollup%2frollup-linux-riscv64-musl 551ms (cache miss)
289 silly packumentCache full:https://registry.npmjs.org/@rollup%2frollup-linux-riscv64-musl set size:undefined disposed:false
290 http fetch GET 200 https://registry.npmjs.org/@rollup%2frollup-linux-ppc64-gnu 558ms (cache miss)
291 silly packumentCache full:https://registry.npmjs.org/@rollup%2frollup-linux-ppc64-gnu set size:undefined disposed:false
292 http fetch GET 200 https://registry.npmjs.org/@esbuild%2flinux-ppc64 1491ms (cache miss)
293 silly packumentCache full:https://registry.npmjs.org/@esbuild%2flinux-ppc64 set size:undefined disposed:false
294 http fetch GET 200 https://registry.npmjs.org/@rollup%2frollup-linux-ppc64-musl 645ms (cache miss)
295 silly packumentCache full:https://registry.npmjs.org/@rollup%2frollup-linux-ppc64-musl set size:undefined disposed:false
296 http fetch GET 200 https://registry.npmjs.org/@rollup%2frollup-openbsd-x64 423ms (cache miss)
297 silly packumentCache full:https://registry.npmjs.org/@rollup%2frollup-openbsd-x64 set size:undefined disposed:false
298 http fetch GET 200 https://registry.npmjs.org/@rollup%2frollup-win32-x64-gnu 621ms (cache miss)
299 silly packumentCache full:https://registry.npmjs.org/@rollup%2frollup-win32-x64-gnu set size:undefined disposed:false
300 http fetch GET 200 https://registry.npmjs.org/@rollup%2frollup-freebsd-x64 592ms (cache miss)
301 silly packumentCache full:https://registry.npmjs.org/@rollup%2frollup-freebsd-x64 set size:undefined disposed:false
302 http fetch GET 200 https://registry.npmjs.org/@rollup%2frollup-win32-x64-msvc 621ms (cache miss)
303 silly packumentCache full:https://registry.npmjs.org/@rollup%2frollup-win32-x64-msvc set size:undefined disposed:false
304 http fetch GET 200 https://registry.npmjs.org/@rollup%2frollup-linux-s390x-gnu 720ms (cache miss)
305 silly packumentCache full:https://registry.npmjs.org/@rollup%2frollup-linux-s390x-gnu set size:undefined disposed:false
306 http fetch GET 200 https://registry.npmjs.org/@rollup%2frollup-darwin-x64 736ms (cache miss)
307 silly packumentCache full:https://registry.npmjs.org/@rollup%2frollup-darwin-x64 set size:undefined disposed:false
308 http fetch GET 200 https://registry.npmjs.org/@rollup%2frollup-linux-x64-gnu 723ms (cache miss)
309 silly packumentCache full:https://registry.npmjs.org/@rollup%2frollup-linux-x64-gnu set size:undefined disposed:false
310 http fetch GET 200 https://registry.npmjs.org/@esbuild%2fandroid-arm 2012ms (cache miss)
311 silly packumentCache full:https://registry.npmjs.org/@esbuild%2fandroid-arm set size:undefined disposed:false
312 http fetch GET 200 https://registry.npmjs.org/@rollup%2frollup-linux-x64-musl 960ms (cache miss)
313 silly packumentCache full:https://registry.npmjs.org/@rollup%2frollup-linux-x64-musl set size:undefined disposed:false
314 http fetch GET 200 https://registry.npmjs.org/@esbuild%2flinux-s390x 2060ms (cache miss)
315 silly packumentCache full:https://registry.npmjs.org/@esbuild%2flinux-s390x set size:undefined disposed:false
316 http fetch GET 200 https://registry.npmjs.org/@rollup%2frollup-openharmony-arm64 959ms (cache miss)
317 silly packumentCache full:https://registry.npmjs.org/@rollup%2frollup-openharmony-arm64 set size:undefined disposed:false
318 silly placeDep ROOT @esbuild/aix-ppc64@0.21.5 OK for: esbuild@0.21.5 want: 0.21.5
319 silly placeDep ROOT @esbuild/android-arm@0.21.5 OK for: esbuild@0.21.5 want: 0.21.5
320 silly placeDep ROOT @esbuild/android-arm64@0.21.5 OK for: esbuild@0.21.5 want: 0.21.5
321 silly placeDep ROOT @esbuild/android-x64@0.21.5 OK for: esbuild@0.21.5 want: 0.21.5
322 silly placeDep ROOT @esbuild/darwin-arm64@0.21.5 OK for: esbuild@0.21.5 want: 0.21.5
323 silly placeDep ROOT @esbuild/darwin-x64@0.21.5 OK for: esbuild@0.21.5 want: 0.21.5
324 silly placeDep ROOT @esbuild/freebsd-arm64@0.21.5 OK for: esbuild@0.21.5 want: 0.21.5
325 silly placeDep ROOT @esbuild/freebsd-x64@0.21.5 OK for: esbuild@0.21.5 want: 0.21.5
326 silly placeDep ROOT @esbuild/linux-arm@0.21.5 OK for: esbuild@0.21.5 want: 0.21.5
327 silly placeDep ROOT @esbuild/linux-arm64@0.21.5 OK for: esbuild@0.21.5 want: 0.21.5
328 silly placeDep ROOT @esbuild/linux-ia32@0.21.5 OK for: esbuild@0.21.5 want: 0.21.5
329 silly placeDep ROOT @esbuild/linux-loong64@0.21.5 OK for: esbuild@0.21.5 want: 0.21.5
330 silly placeDep ROOT @esbuild/linux-mips64el@0.21.5 OK for: esbuild@0.21.5 want: 0.21.5
331 silly placeDep ROOT @esbuild/linux-ppc64@0.21.5 OK for: esbuild@0.21.5 want: 0.21.5
332 silly placeDep ROOT @esbuild/linux-riscv64@0.21.5 OK for: esbuild@0.21.5 want: 0.21.5
333 silly placeDep ROOT @esbuild/linux-s390x@0.21.5 OK for: esbuild@0.21.5 want: 0.21.5
334 silly placeDep ROOT @esbuild/linux-x64@0.21.5 OK for: esbuild@0.21.5 want: 0.21.5
335 silly placeDep ROOT @esbuild/netbsd-x64@0.21.5 OK for: esbuild@0.21.5 want: 0.21.5
336 silly placeDep ROOT @esbuild/openbsd-x64@0.21.5 OK for: esbuild@0.21.5 want: 0.21.5
337 silly placeDep ROOT @esbuild/sunos-x64@0.21.5 OK for: esbuild@0.21.5 want: 0.21.5
338 silly placeDep ROOT @esbuild/win32-arm64@0.21.5 OK for: esbuild@0.21.5 want: 0.21.5
339 silly placeDep ROOT @esbuild/win32-ia32@0.21.5 OK for: esbuild@0.21.5 want: 0.21.5
340 silly placeDep ROOT @esbuild/win32-x64@0.21.5 OK for: esbuild@0.21.5 want: 0.21.5
341 silly placeDep ROOT nanoid@3.3.12 OK for: postcss@8.5.15 want: ^3.3.12
342 silly placeDep ROOT picocolors@1.1.1 OK for: postcss@8.5.15 want: ^1.1.1
343 silly placeDep ROOT source-map-js@1.2.1 OK for: postcss@8.5.15 want: ^1.2.1
344 silly placeDep ROOT @rollup/rollup-android-arm-eabi@4.61.0 OK for: rollup@4.61.0 want: 4.61.0
345 silly placeDep ROOT @rollup/rollup-android-arm64@4.61.0 OK for: rollup@4.61.0 want: 4.61.0
346 silly placeDep ROOT @rollup/rollup-darwin-arm64@4.61.0 OK for: rollup@4.61.0 want: 4.61.0
347 silly placeDep ROOT @rollup/rollup-darwin-x64@4.61.0 OK for: rollup@4.61.0 want: 4.61.0
348 silly placeDep ROOT @rollup/rollup-freebsd-arm64@4.61.0 OK for: rollup@4.61.0 want: 4.61.0
349 silly placeDep ROOT @rollup/rollup-freebsd-x64@4.61.0 OK for: rollup@4.61.0 want: 4.61.0
350 silly placeDep ROOT @rollup/rollup-linux-arm-gnueabihf@4.61.0 OK for: rollup@4.61.0 want: 4.61.0
351 silly placeDep ROOT @rollup/rollup-linux-arm-musleabihf@4.61.0 OK for: rollup@4.61.0 want: 4.61.0
352 silly placeDep ROOT @rollup/rollup-linux-arm64-gnu@4.61.0 OK for: rollup@4.61.0 want: 4.61.0
353 silly placeDep ROOT @rollup/rollup-linux-arm64-musl@4.61.0 OK for: rollup@4.61.0 want: 4.61.0
354 silly placeDep ROOT @rollup/rollup-linux-loong64-gnu@4.61.0 OK for: rollup@4.61.0 want: 4.61.0
355 silly placeDep ROOT @rollup/rollup-linux-loong64-musl@4.61.0 OK for: rollup@4.61.0 want: 4.61.0
356 silly placeDep ROOT @rollup/rollup-linux-ppc64-gnu@4.61.0 OK for: rollup@4.61.0 want: 4.61.0
357 silly placeDep ROOT @rollup/rollup-linux-ppc64-musl@4.61.0 OK for: rollup@4.61.0 want: 4.61.0
358 silly placeDep ROOT @rollup/rollup-linux-riscv64-gnu@4.61.0 OK for: rollup@4.61.0 want: 4.61.0
359 silly placeDep ROOT @rollup/rollup-linux-riscv64-musl@4.61.0 OK for: rollup@4.61.0 want: 4.61.0
360 silly placeDep ROOT @rollup/rollup-linux-s390x-gnu@4.61.0 OK for: rollup@4.61.0 want: 4.61.0
361 silly placeDep ROOT @rollup/rollup-linux-x64-gnu@4.61.0 OK for: rollup@4.61.0 want: 4.61.0
362 silly placeDep ROOT @rollup/rollup-linux-x64-musl@4.61.0 OK for: rollup@4.61.0 want: 4.61.0
363 silly placeDep ROOT @rollup/rollup-openbsd-x64@4.61.0 OK for: rollup@4.61.0 want: 4.61.0
364 silly placeDep ROOT @rollup/rollup-openharmony-arm64@4.61.0 OK for: rollup@4.61.0 want: 4.61.0
365 silly placeDep ROOT @rollup/rollup-win32-arm64-msvc@4.61.0 OK for: rollup@4.61.0 want: 4.61.0
366 silly placeDep ROOT @rollup/rollup-win32-ia32-msvc@4.61.0 OK for: rollup@4.61.0 want: 4.61.0
367 silly placeDep ROOT @rollup/rollup-win32-x64-gnu@4.61.0 OK for: rollup@4.61.0 want: 4.61.0
368 silly placeDep ROOT @rollup/rollup-win32-x64-msvc@4.61.0 OK for: rollup@4.61.0 want: 4.61.0
369 silly placeDep ROOT @types/estree@1.0.9 OK for: rollup@4.61.0 want: 1.0.9
370 silly fetch manifest vue@3.5.35
371 silly packumentCache full:https://registry.npmjs.org/vue cache-miss
372 http cache https://registry.npmjs.org/vue 9ms (cache hit)
373 silly packumentCache full:https://registry.npmjs.org/vue set size:2042338 disposed:false
374 silly placeDep ROOT @vue/compiler-dom@3.5.35 OK for: vue@3.5.35 want: 3.5.35
375 silly placeDep ROOT @vue/compiler-sfc@3.5.35 OK for: vue@3.5.35 want: 3.5.35
376 silly placeDep ROOT @vue/runtime-dom@3.5.35 OK for: vue@3.5.35 want: 3.5.35
377 silly placeDep ROOT @vue/server-renderer@3.5.35 OK for: vue@3.5.35 want: 3.5.35
378 silly placeDep ROOT @vue/shared@3.5.35 OK for: vue@3.5.35 want: 3.5.35
379 silly fetch manifest @vue/compiler-core@3.5.35
380 silly packumentCache full:https://registry.npmjs.org/@vue%2fcompiler-core cache-miss
381 silly fetch manifest magic-string@^0.30.21
382 silly packumentCache full:https://registry.npmjs.org/magic-string cache-miss
383 silly fetch manifest @babel/parser@^7.29.3
384 silly packumentCache full:https://registry.npmjs.org/@babel%2fparser cache-miss
385 silly fetch manifest estree-walker@^2.0.2
386 silly packumentCache full:https://registry.npmjs.org/estree-walker cache-miss
387 silly fetch manifest @vue/compiler-ssr@3.5.35
388 silly packumentCache full:https://registry.npmjs.org/@vue%2fcompiler-ssr cache-miss
389 silly fetch manifest @vue/compiler-core@3.5.35
390 silly packumentCache full:https://registry.npmjs.org/@vue%2fcompiler-core cache-miss
391 silly fetch manifest csstype@^3.2.3
392 silly packumentCache full:https://registry.npmjs.org/csstype cache-miss
393 silly fetch manifest @vue/reactivity@3.5.35
394 silly packumentCache full:https://registry.npmjs.org/@vue%2freactivity cache-miss
395 silly fetch manifest @vue/runtime-core@3.5.35
396 silly packumentCache full:https://registry.npmjs.org/@vue%2fruntime-core cache-miss
397 silly fetch manifest @vue/compiler-ssr@3.5.35
398 silly packumentCache full:https://registry.npmjs.org/@vue%2fcompiler-ssr cache-miss
399 http fetch GET 200 https://registry.npmjs.org/estree-walker 197ms (cache miss)
400 silly packumentCache full:https://registry.npmjs.org/estree-walker set size:undefined disposed:false
401 http fetch GET 200 https://registry.npmjs.org/csstype 372ms (cache miss)
402 silly packumentCache full:https://registry.npmjs.org/csstype set size:undefined disposed:false
403 http fetch GET 200 https://registry.npmjs.org/magic-string 379ms (cache miss)
404 silly packumentCache full:https://registry.npmjs.org/magic-string set size:undefined disposed:false
405 http fetch GET 200 https://registry.npmjs.org/@vue%2fcompiler-core 481ms (cache miss)
406 silly packumentCache full:https://registry.npmjs.org/@vue%2fcompiler-core set size:undefined disposed:false
407 http fetch GET 200 https://registry.npmjs.org/@vue%2fcompiler-core 535ms (cache miss)
408 silly packumentCache full:https://registry.npmjs.org/@vue%2fcompiler-core set size:undefined disposed:false
409 http fetch GET 200 https://registry.npmjs.org/@vue%2freactivity 565ms (cache miss)
410 silly packumentCache full:https://registry.npmjs.org/@vue%2freactivity set size:undefined disposed:false
411 http fetch GET 200 https://registry.npmjs.org/@vue%2fruntime-core 576ms (cache miss)
412 silly packumentCache full:https://registry.npmjs.org/@vue%2fruntime-core set size:undefined disposed:false
413 http fetch GET 200 https://registry.npmjs.org/@vue%2fcompiler-ssr 590ms (cache miss)
414 silly packumentCache full:https://registry.npmjs.org/@vue%2fcompiler-ssr set size:undefined disposed:false
415 http fetch GET 200 https://registry.npmjs.org/@babel%2fparser 602ms (cache miss)
416 silly packumentCache full:https://registry.npmjs.org/@babel%2fparser set size:undefined disposed:false
417 http fetch GET 200 https://registry.npmjs.org/@vue%2fcompiler-ssr 644ms (cache miss)
418 silly packumentCache full:https://registry.npmjs.org/@vue%2fcompiler-ssr set size:undefined disposed:false
419 silly placeDep ROOT @vue/compiler-core@3.5.35 OK for: @vue/compiler-dom@3.5.35 want: 3.5.35
420 silly fetch manifest entities@^7.0.1
421 silly packumentCache full:https://registry.npmjs.org/entities cache-miss
422 http fetch GET 200 https://registry.npmjs.org/entities 247ms (cache miss)
423 silly packumentCache full:https://registry.npmjs.org/entities set size:undefined disposed:false
424 silly placeDep ROOT @babel/parser@7.29.7 OK for: @vue/compiler-core@3.5.35 want: ^7.29.3
425 silly placeDep ROOT entities@7.0.1 OK for: @vue/compiler-core@3.5.35 want: ^7.0.1
426 silly placeDep ROOT estree-walker@2.0.2 OK for: @vue/compiler-core@3.5.35 want: ^2.0.2
427 silly fetch manifest @babel/types@^7.29.7
428 silly packumentCache full:https://registry.npmjs.org/@babel%2ftypes cache-miss
429 http fetch GET 200 https://registry.npmjs.org/@babel%2ftypes 440ms (cache miss)
430 silly packumentCache full:https://registry.npmjs.org/@babel%2ftypes set size:undefined disposed:false
431 silly placeDep ROOT @babel/types@7.29.7 OK for: @babel/parser@7.29.7 want: ^7.29.7
432 silly fetch manifest @babel/helper-string-parser@^7.29.7
433 silly packumentCache full:https://registry.npmjs.org/@babel%2fhelper-string-parser cache-miss
434 silly fetch manifest @babel/helper-validator-identifier@^7.29.7
435 silly packumentCache full:https://registry.npmjs.org/@babel%2fhelper-validator-identifier cache-miss
436 http fetch GET 200 https://registry.npmjs.org/@babel%2fhelper-string-parser 427ms (cache miss)
437 silly packumentCache full:https://registry.npmjs.org/@babel%2fhelper-string-parser set size:undefined disposed:false
438 http fetch GET 200 https://registry.npmjs.org/@babel%2fhelper-validator-identifier 572ms (cache miss)
439 silly packumentCache full:https://registry.npmjs.org/@babel%2fhelper-validator-identifier set size:undefined disposed:false
440 silly placeDep ROOT @babel/helper-string-parser@7.29.7 OK for: @babel/types@7.29.7 want: ^7.29.7
441 silly placeDep ROOT @babel/helper-validator-identifier@7.29.7 OK for: @babel/types@7.29.7 want: ^7.29.7
442 silly placeDep ROOT @vue/compiler-ssr@3.5.35 OK for: @vue/compiler-sfc@3.5.35 want: 3.5.35
443 silly placeDep ROOT magic-string@0.30.21 OK for: @vue/compiler-sfc@3.5.35 want: ^0.30.21
444 silly fetch manifest @jridgewell/sourcemap-codec@^1.5.5
445 silly packumentCache full:https://registry.npmjs.org/@jridgewell%2fsourcemap-codec cache-miss
446 http fetch GET 200 https://registry.npmjs.org/@jridgewell%2fsourcemap-codec 215ms (cache miss)
447 silly packumentCache full:https://registry.npmjs.org/@jridgewell%2fsourcemap-codec set size:undefined disposed:false
448 silly placeDep ROOT @vue/reactivity@3.5.35 OK for: @vue/runtime-dom@3.5.35 want: 3.5.35
449 silly placeDep ROOT @vue/runtime-core@3.5.35 OK for: @vue/runtime-dom@3.5.35 want: 3.5.35
450 silly placeDep ROOT csstype@3.2.3 OK for: @vue/runtime-dom@3.5.35 want: ^3.2.3
451 silly placeDep ROOT @jridgewell/sourcemap-codec@1.5.5 OK for: magic-string@0.30.21 want: ^1.5.5
452 silly reify moves {}
453 silly audit bulk request {
453 silly audit   '@vitejs/plugin-vue': [ '5.2.4' ],
453 silly audit   vue: [ '3.5.35' ],
453 silly audit   vite: [ '5.4.21' ],
453 silly audit   esbuild: [ '0.21.5' ],
453 silly audit   fsevents: [ '2.3.3' ],
453 silly audit   postcss: [ '8.5.15' ],
453 silly audit   rollup: [ '4.61.0' ],
453 silly audit   '@esbuild/aix-ppc64': [ '0.21.5' ],
453 silly audit   '@esbuild/android-arm': [ '0.21.5' ],
453 silly audit   '@esbuild/android-arm64': [ '0.21.5' ],
453 silly audit   '@esbuild/android-x64': [ '0.21.5' ],
453 silly audit   '@esbuild/darwin-arm64': [ '0.21.5' ],
453 silly audit   '@esbuild/darwin-x64': [ '0.21.5' ],
453 silly audit   '@esbuild/freebsd-arm64': [ '0.21.5' ],
453 silly audit   '@esbuild/freebsd-x64': [ '0.21.5' ],
453 silly audit   '@esbuild/linux-arm': [ '0.21.5' ],
453 silly audit   '@esbuild/linux-arm64': [ '0.21.5' ],
453 silly audit   '@esbuild/linux-ia32': [ '0.21.5' ],
453 silly audit   '@esbuild/linux-loong64': [ '0.21.5' ],
453 silly audit   '@esbuild/linux-mips64el': [ '0.21.5' ],
453 silly audit   '@esbuild/linux-ppc64': [ '0.21.5' ],
453 silly audit   '@esbuild/linux-riscv64': [ '0.21.5' ],
453 silly audit   '@esbuild/linux-s390x': [ '0.21.5' ],
453 silly audit   '@esbuild/linux-x64': [ '0.21.5' ],
453 silly audit   '@esbuild/netbsd-x64': [ '0.21.5' ],
453 silly audit   '@esbuild/openbsd-x64': [ '0.21.5' ],
453 silly audit   '@esbuild/sunos-x64': [ '0.21.5' ],
453 silly audit   '@esbuild/win32-arm64': [ '0.21.5' ],
453 silly audit   '@esbuild/win32-ia32': [ '0.21.5' ],
453 silly audit   '@esbuild/win32-x64': [ '0.21.5' ],
453 silly audit   nanoid: [ '3.3.12' ],
453 silly audit   picocolors: [ '1.1.1' ],
453 silly audit   'source-map-js': [ '1.2.1' ],
453 silly audit   '@rollup/rollup-android-arm-eabi': [ '4.61.0' ],
453 silly audit   '@rollup/rollup-android-arm64': [ '4.61.0' ],
453 silly audit   '@rollup/rollup-darwin-arm64': [ '4.61.0' ],
453 silly audit   '@rollup/rollup-darwin-x64': [ '4.61.0' ],
453 silly audit   '@rollup/rollup-freebsd-arm64': [ '4.61.0' ],
453 silly audit   '@rollup/rollup-freebsd-x64': [ '4.61.0' ],
453 silly audit   '@rollup/rollup-linux-arm-gnueabihf': [ '4.61.0' ],
453 silly audit   '@rollup/rollup-linux-arm-musleabihf': [ '4.61.0' ],
453 silly audit   '@rollup/rollup-linux-arm64-gnu': [ '4.61.0' ],
453 silly audit   '@rollup/rollup-linux-arm64-musl': [ '4.61.0' ],
453 silly audit   '@rollup/rollup-linux-loong64-gnu': [ '4.61.0' ],
453 silly audit   '@rollup/rollup-linux-loong64-musl': [ '4.61.0' ],
453 silly audit   '@rollup/rollup-linux-ppc64-gnu': [ '4.61.0' ],
453 silly audit   '@rollup/rollup-linux-ppc64-musl': [ '4.61.0' ],
453 silly audit   '@rollup/rollup-linux-riscv64-gnu': [ '4.61.0' ],
453 silly audit   '@rollup/rollup-linux-riscv64-musl': [ '4.61.0' ],
453 silly audit   '@rollup/rollup-linux-s390x-gnu': [ '4.61.0' ],
453 silly audit   '@rollup/rollup-linux-x64-gnu': [ '4.61.0' ],
453 silly audit   '@rollup/rollup-linux-x64-musl': [ '4.61.0' ],
453 silly audit   '@rollup/rollup-openbsd-x64': [ '4.61.0' ],
453 silly audit   '@rollup/rollup-openharmony-arm64': [ '4.61.0' ],
453 silly audit   '@rollup/rollup-win32-arm64-msvc': [ '4.61.0' ],
453 silly audit   '@rollup/rollup-win32-ia32-msvc': [ '4.61.0' ],
453 silly audit   '@rollup/rollup-win32-x64-gnu': [ '4.61.0' ],
453 silly audit   '@rollup/rollup-win32-x64-msvc': [ '4.61.0' ],
453 silly audit   '@types/estree': [ '1.0.9' ],
453 silly audit   '@vue/compiler-dom': [ '3.5.35' ],
453 silly audit   '@vue/compiler-sfc': [ '3.5.35' ],
453 silly audit   '@vue/runtime-dom': [ '3.5.35' ],
453 silly audit   '@vue/server-renderer': [ '3.5.35' ],
453 silly audit   '@vue/shared': [ '3.5.35' ],
453 silly audit   '@vue/compiler-core': [ '3.5.35' ],
453 silly audit   '@babel/parser': [ '7.29.7' ],
453 silly audit   entities: [ '7.0.1' ],
453 silly audit   'estree-walker': [ '2.0.2' ],
453 silly audit   '@babel/types': [ '7.29.7' ],
453 silly audit   '@babel/helper-string-parser': [ '7.29.7' ],
453 silly audit   '@babel/helper-validator-identifier': [ '7.29.7' ],
453 silly audit   '@vue/compiler-ssr': [ '3.5.35' ],
453 silly audit   'magic-string': [ '0.30.21' ],
453 silly audit   '@vue/reactivity': [ '3.5.35' ],
453 silly audit   '@vue/runtime-core': [ '3.5.35' ],
453 silly audit   csstype: [ '3.2.3' ],
453 silly audit   '@jridgewell/sourcemap-codec': [ '1.5.5' ]
453 silly audit }
454 http cache @jridgewell/sourcemap-codec@https://registry.npmjs.org/@jridgewell/sourcemap-codec/-/sourcemap-codec-1.5.5.tgz 0ms (cache hit)
455 http cache csstype@https://registry.npmjs.org/csstype/-/csstype-3.2.3.tgz 0ms (cache hit)
456 http cache @vue/runtime-core@https://registry.npmjs.org/@vue/runtime-core/-/runtime-core-3.5.35.tgz 0ms (cache hit)
457 http cache magic-string@https://registry.npmjs.org/magic-string/-/magic-string-0.30.21.tgz 0ms (cache hit)
458 http cache @babel/helper-validator-identifier@https://registry.npmjs.org/@babel/helper-validator-identifier/-/helper-validator-identifier-7.29.7.tgz 0ms (cache hit)
459 http cache @vue/reactivity@https://registry.npmjs.org/@vue/reactivity/-/reactivity-3.5.35.tgz 0ms (cache hit)
460 http cache @vue/compiler-ssr@https://registry.npmjs.org/@vue/compiler-ssr/-/compiler-ssr-3.5.35.tgz 0ms (cache hit)
461 http cache @babel/helper-string-parser@https://registry.npmjs.org/@babel/helper-string-parser/-/helper-string-parser-7.29.7.tgz 0ms (cache hit)
462 http cache @babel/types@https://registry.npmjs.org/@babel/types/-/types-7.29.7.tgz 0ms (cache hit)
463 http cache estree-walker@https://registry.npmjs.org/estree-walker/-/estree-walker-2.0.2.tgz 0ms (cache hit)
464 http cache @babel/parser@https://registry.npmjs.org/@babel/parser/-/parser-7.29.7.tgz 0ms (cache hit)
465 http cache entities@https://registry.npmjs.org/entities/-/entities-7.0.1.tgz 0ms (cache hit)
466 http cache @vue/compiler-core@https://registry.npmjs.org/@vue/compiler-core/-/compiler-core-3.5.35.tgz 0ms (cache hit)
467 http cache @vue/compiler-sfc@https://registry.npmjs.org/@vue/compiler-sfc/-/compiler-sfc-3.5.35.tgz 0ms (cache hit)
468 http cache @vue/compiler-dom@https://registry.npmjs.org/@vue/compiler-dom/-/compiler-dom-3.5.35.tgz 0ms (cache hit)
469 http cache @types/estree@https://registry.npmjs.org/@types/estree/-/estree-1.0.9.tgz 0ms (cache hit)
470 http cache @vue/shared@https://registry.npmjs.org/@vue/shared/-/shared-3.5.35.tgz 0ms (cache hit)
471 http cache @vue/runtime-dom@https://registry.npmjs.org/@vue/runtime-dom/-/runtime-dom-3.5.35.tgz 0ms (cache hit)
472 http cache @rollup/rollup-win32-x64-msvc@https://registry.npmjs.org/@rollup/rollup-win32-x64-msvc/-/rollup-win32-x64-msvc-4.61.0.tgz 0ms (cache hit)
473 http cache @vue/server-renderer@https://registry.npmjs.org/@vue/server-renderer/-/server-renderer-3.5.35.tgz 0ms (cache hit)
474 http cache source-map-js@https://registry.npmjs.org/source-map-js/-/source-map-js-1.2.1.tgz 0ms (cache hit)
475 http cache picocolors@https://registry.npmjs.org/picocolors/-/picocolors-1.1.1.tgz 0ms (cache hit)
476 http cache nanoid@https://registry.npmjs.org/nanoid/-/nanoid-3.3.12.tgz 0ms (cache hit)
477 http cache @esbuild/win32-x64@https://registry.npmjs.org/@esbuild/win32-x64/-/win32-x64-0.21.5.tgz 0ms (cache hit)
478 http cache rollup@https://registry.npmjs.org/rollup/-/rollup-4.61.0.tgz 0ms (cache hit)
479 http cache @rollup/rollup-win32-x64-gnu@https://registry.npmjs.org/@rollup/rollup-win32-x64-gnu/-/rollup-win32-x64-gnu-4.61.0.tgz 0ms (cache hit)
480 http cache postcss@https://registry.npmjs.org/postcss/-/postcss-8.5.15.tgz 0ms (cache hit)
481 http cache esbuild@https://registry.npmjs.org/esbuild/-/esbuild-0.21.5.tgz 0ms (cache hit)
482 http cache vite@https://registry.npmjs.org/vite/-/vite-5.4.21.tgz 0ms (cache hit)
483 http cache vue@https://registry.npmjs.org/vue/-/vue-3.5.35.tgz 0ms (cache hit)
484 http cache @vitejs/plugin-vue@https://registry.npmjs.org/@vitejs/plugin-vue/-/plugin-vue-5.2.4.tgz 0ms (cache hit)
485 silly tarball no local data for @jridgewell/sourcemap-codec@https://registry.npmjs.org/@jridgewell/sourcemap-codec/-/sourcemap-codec-1.5.5.tgz. Extracting by manifest.
486 silly tarball no local data for csstype@https://registry.npmjs.org/csstype/-/csstype-3.2.3.tgz. Extracting by manifest.
487 silly tarball no local data for @vue/runtime-core@https://registry.npmjs.org/@vue/runtime-core/-/runtime-core-3.5.35.tgz. Extracting by manifest.
488 silly tarball no local data for magic-string@https://registry.npmjs.org/magic-string/-/magic-string-0.30.21.tgz. Extracting by manifest.
489 silly tarball no local data for @babel/helper-validator-identifier@https://registry.npmjs.org/@babel/helper-validator-identifier/-/helper-validator-identifier-7.29.7.tgz. Extracting by manifest.
490 silly tarball no local data for @vue/reactivity@https://registry.npmjs.org/@vue/reactivity/-/reactivity-3.5.35.tgz. Extracting by manifest.
491 silly tarball no local data for @vue/compiler-ssr@https://registry.npmjs.org/@vue/compiler-ssr/-/compiler-ssr-3.5.35.tgz. Extracting by manifest.
492 silly tarball no local data for @babel/helper-string-parser@https://registry.npmjs.org/@babel/helper-string-parser/-/helper-string-parser-7.29.7.tgz. Extracting by manifest.
493 silly tarball no local data for @babel/types@https://registry.npmjs.org/@babel/types/-/types-7.29.7.tgz. Extracting by manifest.
494 silly tarball no local data for estree-walker@https://registry.npmjs.org/estree-walker/-/estree-walker-2.0.2.tgz. Extracting by manifest.
495 silly tarball no local data for @babel/parser@https://registry.npmjs.org/@babel/parser/-/parser-7.29.7.tgz. Extracting by manifest.
496 silly tarball no local data for entities@https://registry.npmjs.org/entities/-/entities-7.0.1.tgz. Extracting by manifest.
497 silly tarball no local data for @vue/compiler-core@https://registry.npmjs.org/@vue/compiler-core/-/compiler-core-3.5.35.tgz. Extracting by manifest.
498 silly tarball no local data for @vue/compiler-sfc@https://registry.npmjs.org/@vue/compiler-sfc/-/compiler-sfc-3.5.35.tgz. Extracting by manifest.
499 silly tarball no local data for @vue/compiler-dom@https://registry.npmjs.org/@vue/compiler-dom/-/compiler-dom-3.5.35.tgz. Extracting by manifest.
500 silly tarball no local data for @types/estree@https://registry.npmjs.org/@types/estree/-/estree-1.0.9.tgz. Extracting by manifest.
501 silly tarball no local data for @vue/shared@https://registry.npmjs.org/@vue/shared/-/shared-3.5.35.tgz. Extracting by manifest.
502 silly tarball no local data for @vue/runtime-dom@https://registry.npmjs.org/@vue/runtime-dom/-/runtime-dom-3.5.35.tgz. Extracting by manifest.
503 silly tarball no local data for @rollup/rollup-win32-x64-msvc@https://registry.npmjs.org/@rollup/rollup-win32-x64-msvc/-/rollup-win32-x64-msvc-4.61.0.tgz. Extracting by manifest.
504 silly tarball no local data for @vue/server-renderer@https://registry.npmjs.org/@vue/server-renderer/-/server-renderer-3.5.35.tgz. Extracting by manifest.
505 silly tarball no local data for source-map-js@https://registry.npmjs.org/source-map-js/-/source-map-js-1.2.1.tgz. Extracting by manifest.
506 silly tarball no local data for picocolors@https://registry.npmjs.org/picocolors/-/picocolors-1.1.1.tgz. Extracting by manifest.
507 silly tarball no local data for nanoid@https://registry.npmjs.org/nanoid/-/nanoid-3.3.12.tgz. Extracting by manifest.
508 silly tarball no local data for @esbuild/win32-x64@https://registry.npmjs.org/@esbuild/win32-x64/-/win32-x64-0.21.5.tgz. Extracting by manifest.
509 silly tarball no local data for rollup@https://registry.npmjs.org/rollup/-/rollup-4.61.0.tgz. Extracting by manifest.
510 silly tarball no local data for @rollup/rollup-win32-x64-gnu@https://registry.npmjs.org/@rollup/rollup-win32-x64-gnu/-/rollup-win32-x64-gnu-4.61.0.tgz. Extracting by manifest.
511 silly tarball no local data for postcss@https://registry.npmjs.org/postcss/-/postcss-8.5.15.tgz. Extracting by manifest.
512 silly tarball no local data for esbuild@https://registry.npmjs.org/esbuild/-/esbuild-0.21.5.tgz. Extracting by manifest.
513 silly tarball no local data for vite@https://registry.npmjs.org/vite/-/vite-5.4.21.tgz. Extracting by manifest.
514 silly tarball no local data for vue@https://registry.npmjs.org/vue/-/vue-3.5.35.tgz. Extracting by manifest.
515 silly tarball no local data for @vitejs/plugin-vue@https://registry.npmjs.org/@vitejs/plugin-vue/-/plugin-vue-5.2.4.tgz. Extracting by manifest.
516 http fetch POST 200 https://registry.npmjs.org/-/npm/v1/security/advisories/bulk 215ms
517 silly audit report {
517 silly audit report   vite: [
517 silly audit report     {
517 silly audit report       id: 1116229,
517 silly audit report       url: 'https://github.com/advisories/GHSA-4w7w-66w2-5vf9',
517 silly audit report       title: 'Vite Vulnerable to Path Traversal in Optimized Deps `.map` Handling',
517 silly audit report       severity: 'moderate',
517 silly audit report       vulnerable_versions: '<=6.4.1',
517 silly audit report       cwe: [Array],
517 silly audit report       cvss: [Object]
517 silly audit report     }
517 silly audit report   ],
517 silly audit report   esbuild: [
517 silly audit report     {
517 silly audit report       id: 1102341,
517 silly audit report       url: 'https://github.com/advisories/GHSA-67mh-4wv8-2f99',
517 silly audit report       title: 'esbuild enables any website to send any requests to the development server and read the response',
517 silly audit report       severity: 'moderate',
517 silly audit report       vulnerable_versions: '<=0.24.2',
517 silly audit report       cwe: [Array],
517 silly audit report       cvss: [Object]
517 silly audit report     }
517 silly audit report   ]
517 silly audit report }
518 silly packumentCache corgi:https://registry.npmjs.org/vite cache-miss
519 silly packumentCache corgi:https://registry.npmjs.org/esbuild cache-miss
520 http fetch GET 200 https://registry.npmjs.org/estree-walker/-/estree-walker-2.0.2.tgz 232ms (cache miss)
521 http fetch GET 200 https://registry.npmjs.org/@vue/compiler-ssr/-/compiler-ssr-3.5.35.tgz 239ms (cache miss)
522 http fetch GET 200 https://registry.npmjs.org/@vue/reactivity/-/reactivity-3.5.35.tgz 244ms (cache miss)
523 http fetch GET 200 https://registry.npmjs.org/@jridgewell/sourcemap-codec/-/sourcemap-codec-1.5.5.tgz 246ms (cache miss)
524 http fetch GET 200 https://registry.npmjs.org/magic-string/-/magic-string-0.30.21.tgz 379ms (cache miss)
525 http fetch GET 200 https://registry.npmjs.org/@types/estree/-/estree-1.0.9.tgz 394ms (cache miss)
526 http fetch GET 200 https://registry.npmjs.org/@babel/helper-string-parser/-/helper-string-parser-7.29.7.tgz 397ms (cache miss)
527 http fetch GET 200 https://registry.npmjs.org/@vue/shared/-/shared-3.5.35.tgz 456ms (cache miss)
528 http fetch GET 200 https://registry.npmjs.org/@vue/runtime-core/-/runtime-core-3.5.35.tgz 474ms (cache miss)
529 http fetch GET 200 https://registry.npmjs.org/@babel/helper-validator-identifier/-/helper-validator-identifier-7.29.7.tgz 573ms (cache miss)
530 http fetch GET 200 https://registry.npmjs.org/picocolors/-/picocolors-1.1.1.tgz 584ms (cache miss)
531 http fetch GET 200 https://registry.npmjs.org/source-map-js/-/source-map-js-1.2.1.tgz 594ms (cache miss)
532 http fetch GET 200 https://registry.npmjs.org/nanoid/-/nanoid-3.3.12.tgz 650ms (cache miss)
533 http fetch GET 200 https://registry.npmjs.org/@vue/compiler-dom/-/compiler-dom-3.5.35.tgz 711ms (cache miss)
534 http fetch GET 200 https://registry.npmjs.org/entities/-/entities-7.0.1.tgz 768ms (cache miss)
535 http fetch GET 200 https://registry.npmjs.org/@babel/types/-/types-7.29.7.tgz 790ms (cache miss)
536 http fetch GET 200 https://registry.npmjs.org/postcss/-/postcss-8.5.15.tgz 810ms (cache miss)
537 http fetch GET 200 https://registry.npmjs.org/@babel/parser/-/parser-7.29.7.tgz 818ms (cache miss)
538 http fetch GET 200 https://registry.npmjs.org/esbuild/-/esbuild-0.21.5.tgz 895ms (cache miss)
539 http fetch GET 200 https://registry.npmjs.org/@vue/server-renderer/-/server-renderer-3.5.35.tgz 919ms (cache miss)
540 http fetch GET 200 https://registry.npmjs.org/csstype/-/csstype-3.2.3.tgz 944ms (cache miss)
541 http fetch GET 200 https://registry.npmjs.org/@vue/compiler-core/-/compiler-core-3.5.35.tgz 1045ms (cache miss)
542 http fetch GET 200 https://registry.npmjs.org/vite/-/vite-5.4.21.tgz 1169ms (cache miss)
543 http fetch GET 200 https://registry.npmjs.org/@vitejs/plugin-vue/-/plugin-vue-5.2.4.tgz 1223ms (cache miss)
544 http fetch GET 200 https://registry.npmjs.org/vite 1068ms (cache miss)
545 silly packumentCache corgi:https://registry.npmjs.org/vite set size:undefined disposed:false
546 http fetch GET 200 https://registry.npmjs.org/@vue/runtime-dom/-/runtime-dom-3.5.35.tgz 1381ms (cache miss)
547 http fetch GET 200 https://registry.npmjs.org/esbuild 1197ms (cache miss)
548 silly packumentCache corgi:https://registry.npmjs.org/esbuild set size:undefined disposed:false
549 silly packumentCache corgi:https://registry.npmjs.org/@vitejs%2fplugin-vue cache-miss
550 http fetch GET 200 https://registry.npmjs.org/@vitejs%2fplugin-vue 350ms (cache miss)
551 silly packumentCache corgi:https://registry.npmjs.org/@vitejs%2fplugin-vue set size:undefined disposed:false
552 http fetch GET 200 https://registry.npmjs.org/@rollup/rollup-win32-x64-msvc/-/rollup-win32-x64-msvc-4.61.0.tgz 1821ms (cache miss)
553 http fetch GET 200 https://registry.npmjs.org/rollup/-/rollup-4.61.0.tgz 1824ms (cache miss)
554 http fetch GET 200 https://registry.npmjs.org/@esbuild/win32-x64/-/win32-x64-0.21.5.tgz 1929ms (cache miss)
555 http fetch GET 200 https://registry.npmjs.org/@rollup/rollup-win32-x64-gnu/-/rollup-win32-x64-gnu-4.61.0.tgz 2139ms (cache miss)
556 http fetch GET 200 https://registry.npmjs.org/@vue/compiler-sfc/-/compiler-sfc-3.5.35.tgz 2328ms (cache miss)
557 http fetch GET 200 https://registry.npmjs.org/vue/-/vue-3.5.35.tgz 3290ms (cache miss)
558 info run esbuild@0.21.5 postinstall node_modules/esbuild node install.js
559 info run esbuild@0.21.5 postinstall { code: 0, signal: null }
560 silly ADD node_modules/@jridgewell/sourcemap-codec
561 silly ADD node_modules/csstype
562 silly ADD node_modules/@vue/runtime-core
563 silly ADD node_modules/@vue/reactivity
564 silly ADD node_modules/magic-string
565 silly ADD node_modules/@vue/compiler-ssr
566 silly ADD node_modules/@babel/helper-validator-identifier
567 silly ADD node_modules/@babel/helper-string-parser
568 silly ADD node_modules/@babel/types
569 silly ADD node_modules/estree-walker
570 silly ADD node_modules/entities
571 silly ADD node_modules/@babel/parser
572 silly ADD node_modules/@vue/compiler-core
573 silly ADD node_modules/@vue/shared
574 silly ADD node_modules/@vue/server-renderer
575 silly ADD node_modules/@vue/runtime-dom
576 silly ADD node_modules/@vue/compiler-sfc
577 silly ADD node_modules/@vue/compiler-dom
578 silly ADD node_modules/@types/estree
579 silly ADD node_modules/@rollup/rollup-win32-x64-msvc
580 silly ADD node_modules/@rollup/rollup-win32-x64-gnu
581 silly ADD node_modules/source-map-js
582 silly ADD node_modules/picocolors
583 silly ADD node_modules/nanoid
584 silly ADD node_modules/@esbuild/win32-x64
585 silly ADD node_modules/rollup
586 silly ADD node_modules/postcss
587 silly ADD node_modules/esbuild
588 silly ADD node_modules/vite
589 silly ADD node_modules/vue
590 silly ADD node_modules/@vitejs/plugin-vue
591 verbose cwd D:\AI-yuwenzhen\preconsult-web
592 verbose os Windows_NT 10.0.22631
593 verbose node v24.16.0
594 verbose npm  v11.13.0
595 notice
595 notice New minor version of npm available! 11.13.0 -> 11.16.0
595 notice Changelog: https://github.com/npm/cli/releases/tag/v11.16.0
595 notice To update run: npm install -g npm@11.16.0
595 notice  { force: true, Symbol(proc-log.meta): true }
596 verbose exit 0
597 info ok
